<?xml version="1.0" encoding="UTF-8"?>
<!-- Generated by org.testng.reporters.JUnitXMLReporter -->
<testsuite ignored="0" hostname="DESKTOP-OOQL7CN" failures="0" tests="3" name="Default test" time="59.016" errors="0" timestamp="2021-03-22T09:06:09 GMT">
  <testcase classname="com.practice.automation.BaicFlowTestNGTest" name="f" time="14.028"/>
  <testcase classname="com.practice.automation.BaicFlowTestNGTest" name="f" time="13.968"/>
  <testcase classname="com.practice.automation.BaicFlowTestNGTest" name="f" time="14.699"/>
</testsuite> <!-- Default test -->
